<?xml version="1.0" encoding="UTF-8"?>
<!-- Generated by org.testng.reporters.JUnitReportReporter -->
<testsuite skipped="0" hostname="Yvonnes-MBP" name="com.gcrShopAdmin.qa.testcases.AdminHomePageTest" tests="2" failures="0" timestamp="17 Apr 2018 14:54:40 GMT" time="12.049" errors="0">
  <testcase name="onlineCatalogLinkTest" time="6.219" classname="com.gcrShopAdmin.qa.testcases.AdminHomePageTest"/>
  <testcase name="categoriesOrProductsLinkTest" time="5.830" classname="com.gcrShopAdmin.qa.testcases.AdminHomePageTest"/>
</testsuite> <!-- com.gcrShopAdmin.qa.testcases.AdminHomePageTest -->
