<?xml version="1.0" encoding="UTF-8"?>
<!-- Generated by org.testng.reporters.JUnitReportReporter -->
<testsuite skipped="0" hostname="Yvonnes-MBP" name="com.gcrShop.qa.testcases.HomePageTest" tests="1" failures="0" timestamp="17 Apr 2018 18:53:34 GMT" time="22.272" errors="0">
  <testcase name="runPage" time="22.272" classname="com.gcrShop.qa.testcases.HomePageTest"/>
</testsuite> <!-- com.gcrShop.qa.testcases.HomePageTest -->
