<?xml version="1.0" encoding="UTF-8"?>
<!-- Generated by org.testng.reporters.JUnitReportReporter -->
<testsuite skipped="1" hostname="Yvonnes-MBP" name="com.gcrShop.qa.testcases.MyAccountPageTest" tests="1" failures="0" timestamp="17 Apr 2018 20:23:18 GMT" time="0.000" errors="0">
  <testcase name="customerRegistrationTest" time="0.000" classname="com.gcrShop.qa.testcases.MyAccountPageTest">
    <skipped/>
  </testcase> <!-- customerRegistrationTest -->
</testsuite> <!-- com.gcrShop.qa.testcases.MyAccountPageTest -->
